> Task :compileJava
> Task :processResources UP-TO-DATE
> Task :classes
> Task :resolveMainClassName

> Task :bootRun

  .   ____          _            __ _ _
 /\\ / ___'_ __ _ _(_)_ __  __ _ \ \ \ \
( ( )\___ | '_ | '_| | '_ \/ _` | \ \ \ \
 \\/  ___)| |_)| | | | | || (_| |  ) ) ) )
  '  |____| .__|_| |_|_| |_\__, | / / / /
 =========|_|==============|___/=/_/_/_/

 :: Spring Boot ::                (v3.5.7)

2025-11-04T22:05:10.842+09:00  INFO 37908 --- [demo] [           main] com.example.pet.demo.DemoApplication     : Starting DemoApplication using Java 21.0.9 with PID 37908 (C:\projects\backend\demo\build\classes\java\main started by doq04 in C:\projects\backend\demo)
2025-11-04T22:05:10.844+09:00  INFO 37908 --- [demo] [           main] com.example.pet.demo.DemoApplication     : No active profile set, falling back to 1 default profile: "default"
2025-11-04T22:05:11.488+09:00  INFO 37908 --- [demo] [           main] .s.d.r.c.RepositoryConfigurationDelegate : Bootstrapping Spring Data JPA repositories in DEFAULT mode.
2025-11-04T22:05:11.532+09:00  INFO 37908 --- [demo] [           main] .s.d.r.c.RepositoryConfigurationDelegate : Finished Spring Data repository scanning in 39 ms. Found 1 JPA repository interface.
2025-11-04T22:05:11.974+09:00  INFO 37908 --- [demo] [           main] o.s.b.w.embedded.tomcat.TomcatWebServer  : Tomcat initialized with port 9075 (http)
2025-11-04T22:05:11.984+09:00  INFO 37908 --- [demo] [           main] o.apache.catalina.core.StandardService   : Starting service [Tomcat]
2025-11-04T22:05:11.984+09:00  INFO 37908 --- [demo] [           main] o.apache.catalina.core.StandardEngine    : Starting Servlet engine: [Apache Tomcat/10.1.48]
2025-11-04T22:05:12.031+09:00  INFO 37908 --- [demo] [           main] o.a.c.c.C.[Tomcat].[localhost].[/]       : Initializing Spring embedded WebApplicationContext
2025-11-04T22:05:12.032+09:00  INFO 37908 --- [demo] [           main] w.s.c.ServletWebServerApplicationContext : Root WebApplicationContext: initialization completed in 1029 ms
2025-11-04T22:05:12.130+09:00  INFO 37908 --- [demo] [           main] o.hibernate.jpa.internal.util.LogHelper  : HHH000204: Processing PersistenceUnitInfo [name: default]
2025-11-04T22:05:12.159+09:00  INFO 37908 --- [demo] [           main] org.hibernate.Version                    : HHH000412: Hibernate ORM core version 6.6.33.Final
2025-11-04T22:05:12.177+09:00  INFO 37908 --- [demo] [           main] o.h.c.internal.RegionFactoryInitiator    : HHH000026: Second-level cache disabled
2025-11-04T22:05:12.330+09:00  INFO 37908 --- [demo] [           main] o.s.o.j.p.SpringPersistenceUnitInfo      : No LoadTimeWeaver setup: ignoring JPA class transformer
2025-11-04T22:05:12.347+09:00  INFO 37908 --- [demo] [           main] com.zaxxer.hikari.HikariDataSource       : HikariPool-1 - Starting...
2025-11-04T22:05:12.691+09:00  INFO 37908 --- [demo] [           main] com.zaxxer.hikari.pool.HikariPool        : HikariPool-1 - Added connection com.mysql.cj.jdbc.ConnectionImpl@36f05595
2025-11-04T22:05:12.692+09:00  INFO 37908 --- [demo] [           main] com.zaxxer.hikari.HikariDataSource       : HikariPool-1 - Start completed.
2025-11-04T22:05:12.761+09:00  INFO 37908 --- [demo] [           main] org.hibernate.orm.connections.pooling    : HHH10001005: Database info:
	Database JDBC URL [Connecting through datasource 'HikariDataSource (HikariPool-1)']
	Database driver: undefined/unknown
	Database version: 8.0.26
	Autocommit mode: undefined/unknown
	Isolation level: undefined/unknown
	Minimum pool size: undefined/unknown
	Maximum pool size: undefined/unknown
2025-11-04T22:05:13.248+09:00  INFO 37908 --- [demo] [           main] o.h.e.t.j.p.i.JtaPlatformInitiator       : HHH000489: No JTA platform available (set 'hibernate.transaction.jta.platform' to enable JTA platform integration)
2025-11-04T22:05:13.319+09:00 DEBUG 37908 --- [demo] [           main] org.hibernate.SQL                        : 
    alter table users 
       modify column ca_categorical enum ('BOTH','CAT','DOG')
2025-11-04T22:05:13.378+09:00 DEBUG 37908 --- [demo] [           main] org.hibernate.SQL                        : 
    alter table users 
       modify column petsitter_work enum ('ALL','HYGIENE','TRANSPORT','WALKING')
2025-11-04T22:05:13.679+09:00  WARN 37908 --- [demo] [           main] o.h.t.s.i.ExceptionHandlerLoggedImpl     : GenerationTarget encountered exception accepting command : Error executing DDL "
    alter table users 
       modify column petsitter_work enum ('ALL','HYGIENE','TRANSPORT','WALKING')" via JDBC [Data truncated for column 'petsitter_work' at row 24]

org.hibernate.tool.schema.spi.CommandAcceptanceException: Error executing DDL "
    alter table users 
       modify column petsitter_work enum ('ALL','HYGIENE','TRANSPORT','WALKING')" via JDBC [Data truncated for column 'petsitter_work' at row 24]
	at org.hibernate.tool.schema.internal.exec.GenerationTargetToDatabase.accept(GenerationTargetToDatabase.java:94) ~[hibernate-core-6.6.33.Final.jar:6.6.33.Final]
	at org.hibernate.tool.schema.internal.AbstractSchemaMigrator.applySqlString(AbstractSchemaMigrator.java:576) ~[hibernate-core-6.6.33.Final.jar:6.6.33.Final]
	at org.hibernate.tool.schema.internal.AbstractSchemaMigrator.applySqlStrings(AbstractSchemaMigrator.java:516) ~[hibernate-core-6.6.33.Final.jar:6.6.33.Final]
	at org.hibernate.tool.schema.internal.AbstractSchemaMigrator.migrateTable(AbstractSchemaMigrator.java:334) ~[hibernate-core-6.6.33.Final.jar:6.6.33.Final]
	at org.hibernate.tool.schema.internal.GroupedSchemaMigratorImpl.performTablesMigration(GroupedSchemaMigratorImpl.java:84) ~[hibernate-core-6.6.33.Final.jar:6.6.33.Final]
	at org.hibernate.tool.schema.internal.AbstractSchemaMigrator.performMigration(AbstractSchemaMigrator.java:233) ~[hibernate-core-6.6.33.Final.jar:6.6.33.Final]
	at org.hibernate.tool.schema.internal.AbstractSchemaMigrator.doMigration(AbstractSchemaMigrator.java:112) ~[hibernate-core-6.6.33.Final.jar:6.6.33.Final]
	at org.hibernate.tool.schema.spi.SchemaManagementToolCoordinator.performDatabaseAction(SchemaManagementToolCoordinator.java:280) ~[hibernate-core-6.6.33.Final.jar:6.6.33.Final]
	at org.hibernate.tool.schema.spi.SchemaManagementToolCoordinator.lambda$process$5(SchemaManagementToolCoordinator.java:144) ~[hibernate-core-6.6.33.Final.jar:6.6.33.Final]
	at java.base/java.util.HashMap.forEach(HashMap.java:1429) ~[na:na]
	at org.hibernate.tool.schema.spi.SchemaManagementToolCoordinator.process(SchemaManagementToolCoordinator.java:141) ~[hibernate-core-6.6.33.Final.jar:6.6.33.Final]
	at org.hibernate.boot.internal.SessionFactoryObserverForSchemaExport.sessionFactoryCreated(SessionFactoryObserverForSchemaExport.java:37) ~[hibernate-core-6.6.33.Final.jar:6.6.33.Final]
	at org.hibernate.internal.SessionFactoryObserverChain.sessionFactoryCreated(SessionFactoryObserverChain.java:35) ~[hibernate-core-6.6.33.Final.jar:6.6.33.Final]
	at org.hibernate.internal.SessionFactoryImpl.<init>(SessionFactoryImpl.java:324) ~[hibernate-core-6.6.33.Final.jar:6.6.33.Final]
	at org.hibernate.boot.internal.SessionFactoryBuilderImpl.build(SessionFactoryBuilderImpl.java:463) ~[hibernate-core-6.6.33.Final.jar:6.6.33.Final]
	at org.hibernate.jpa.boot.internal.EntityManagerFactoryBuilderImpl.build(EntityManagerFactoryBuilderImpl.java:1517) ~[hibernate-core-6.6.33.Final.jar:6.6.33.Final]
	at org.springframework.orm.jpa.vendor.SpringHibernateJpaPersistenceProvider.createContainerEntityManagerFactory(SpringHibernateJpaPersistenceProvider.java:66) ~[spring-orm-6.2.12.jar:6.2.12]
	at org.springframework.orm.jpa.LocalContainerEntityManagerFactoryBean.createNativeEntityManagerFactory(LocalContainerEntityManagerFactoryBean.java:390) ~[spring-orm-6.2.12.jar:6.2.12]
	at org.springframework.orm.jpa.AbstractEntityManagerFactoryBean.buildNativeEntityManagerFactory(AbstractEntityManagerFactoryBean.java:419) ~[spring-orm-6.2.12.jar:6.2.12]
	at org.springframework.orm.jpa.AbstractEntityManagerFactoryBean.afterPropertiesSet(AbstractEntityManagerFactoryBean.java:400) ~[spring-orm-6.2.12.jar:6.2.12]
	at org.springframework.orm.jpa.LocalContainerEntityManagerFactoryBean.afterPropertiesSet(LocalContainerEntityManagerFactoryBean.java:366) ~[spring-orm-6.2.12.jar:6.2.12]
	at org.springframework.beans.factory.support.AbstractAutowireCapableBeanFactory.invokeInitMethods(AbstractAutowireCapableBeanFactory.java:1873) ~[spring-beans-6.2.12.jar:6.2.12]
	at org.springframework.beans.factory.support.AbstractAutowireCapableBeanFactory.initializeBean(AbstractAutowireCapableBeanFactory.java:1822) ~[spring-beans-6.2.12.jar:6.2.12]
	at org.springframework.beans.factory.support.AbstractAutowireCapableBeanFactory.doCreateBean(AbstractAutowireCapableBeanFactory.java:607) ~[spring-beans-6.2.12.jar:6.2.12]
	at org.springframework.beans.factory.support.AbstractAutowireCapableBeanFactory.createBean(AbstractAutowireCapableBeanFactory.java:529) ~[spring-beans-6.2.12.jar:6.2.12]
	at org.springframework.beans.factory.support.AbstractBeanFactory.lambda$doGetBean$0(AbstractBeanFactory.java:339) ~[spring-beans-6.2.12.jar:6.2.12]
	at org.springframework.beans.factory.support.DefaultSingletonBeanRegistry.getSingleton(DefaultSingletonBeanRegistry.java:373) ~[spring-beans-6.2.12.jar:6.2.12]
	at org.springframework.beans.factory.support.AbstractBeanFactory.doGetBean(AbstractBeanFactory.java:337) ~[spring-beans-6.2.12.jar:6.2.12]
	at org.springframework.beans.factory.support.AbstractBeanFactory.getBean(AbstractBeanFactory.java:207) ~[spring-beans-6.2.12.jar:6.2.12]
	at org.springframework.context.support.AbstractApplicationContext.finishBeanFactoryInitialization(AbstractApplicationContext.java:973) ~[spring-context-6.2.12.jar:6.2.12]
	at org.springframework.context.support.AbstractApplicationContext.refresh(AbstractApplicationContext.java:627) ~[spring-context-6.2.12.jar:6.2.12]
	at org.springframework.boot.web.servlet.context.ServletWebServerApplicationContext.refresh(ServletWebServerApplicationContext.java:146) ~[spring-boot-3.5.7.jar:3.5.7]
	at org.springframework.boot.SpringApplication.refresh(SpringApplication.java:752) ~[spring-boot-3.5.7.jar:3.5.7]
	at org.springframework.boot.SpringApplication.refreshContext(SpringApplication.java:439) ~[spring-boot-3.5.7.jar:3.5.7]
	at org.springframework.boot.SpringApplication.run(SpringApplication.java:318) ~[spring-boot-3.5.7.jar:3.5.7]
	at org.springframework.boot.SpringApplication.run(SpringApplication.java:1361) ~[spring-boot-3.5.7.jar:3.5.7]
	at org.springframework.boot.SpringApplication.run(SpringApplication.java:1350) ~[spring-boot-3.5.7.jar:3.5.7]
	at com.example.pet.demo.DemoApplication.main(DemoApplication.java:10) ~[main/:na]
Caused by: java.sql.SQLException: Data truncated for column 'petsitter_work' at row 24
	at com.mysql.cj.jdbc.exceptions.SQLError.createSQLException(SQLError.java:121) ~[mysql-connector-j-9.4.0.jar:9.4.0]
	at com.mysql.cj.jdbc.exceptions.SQLExceptionsMapping.translateException(SQLExceptionsMapping.java:114) ~[mysql-connector-j-9.4.0.jar:9.4.0]
	at com.mysql.cj.jdbc.StatementImpl.executeInternal(StatementImpl.java:837) ~[mysql-connector-j-9.4.0.jar:9.4.0]
	at com.mysql.cj.jdbc.StatementImpl.execute(StatementImpl.java:685) ~[mysql-connector-j-9.4.0.jar:9.4.0]
	at com.zaxxer.hikari.pool.ProxyStatement.execute(ProxyStatement.java:95) ~[HikariCP-6.3.3.jar:na]
	at com.zaxxer.hikari.pool.HikariProxyStatement.execute(HikariProxyStatement.java) ~[HikariCP-6.3.3.jar:na]
	at org.hibernate.tool.schema.internal.exec.GenerationTargetToDatabase.accept(GenerationTargetToDatabase.java:80) ~[hibernate-core-6.6.33.Final.jar:6.6.33.Final]
	... 37 common frames omitted

2025-11-04T22:05:13.681+09:00 DEBUG 37908 --- [demo] [           main] org.hibernate.SQL                        : 
    alter table users 
       modify column status enum ('ACTIVE','DELETED','LOCKED') not null
2025-11-04T22:05:13.729+09:00 DEBUG 37908 --- [demo] [           main] org.hibernate.SQL                        : 
    alter table users 
       modify column user_type enum ('CAFE','GENERAL','GROOMING','HOSPITAL','SELLER','SITTER') not null
2025-11-04T22:05:13.779+09:00 DEBUG 37908 --- [demo] [           main] org.hibernate.SQL                        : 
    alter table users 
       modify column vet_specialty enum ('DENTISTRY','DERMATOLOGY','EMERGENCY_MEDICINE','GENERAL','INTERNAL_MEDICINE','OPHTHALMOLOGY','ORTHOPEDICS','SURGERY')
2025-11-04T22:05:13.840+09:00  INFO 37908 --- [demo] [           main] j.LocalContainerEntityManagerFactoryBean : Initialized JPA EntityManagerFactory for persistence unit 'default'
2025-11-04T22:05:13.969+09:00  INFO 37908 --- [demo] [           main] o.s.d.j.r.query.QueryEnhancerFactory     : Hibernate is in classpath; If applicable, HQL parser will be used.
2025-11-04T22:05:14.744+09:00  WARN 37908 --- [demo] [           main] .s.s.UserDetailsServiceAutoConfiguration : 

Using generated security password: 85cd8a98-fa8d-4427-9094-a459275b42ea

This generated password is for development use only. Your security configuration must be updated before running your application in production.

2025-11-04T22:05:14.748+09:00  INFO 37908 --- [demo] [           main] r$InitializeUserDetailsManagerConfigurer : Global AuthenticationManager configured with UserDetailsService bean with name inMemoryUserDetailsManager
2025-11-04T22:05:14.861+09:00  WARN 37908 --- [demo] [           main] ion$DefaultTemplateResolverConfiguration : Cannot find template location: classpath:/templates/ (please add some templates, check your Thymeleaf configuration, or set spring.thymeleaf.check-template-location=false)
2025-11-04T22:05:14.993+09:00  INFO 37908 --- [demo] [           main] o.s.b.w.embedded.tomcat.TomcatWebServer  : Tomcat started on port 9075 (http) with context path '/'
2025-11-04T22:05:14.998+09:00  INFO 37908 --- [demo] [           main] com.example.pet.demo.DemoApplication     : Started DemoApplication in 4.46 seconds (process running for 4.72)
2025-11-04T22:06:11.809+09:00  INFO 37908 --- [demo] [0.0-9075-exec-1] o.a.c.c.C.[Tomcat].[localhost].[/]       : Initializing Spring DispatcherServlet 'dispatcherServlet'
2025-11-04T22:06:11.809+09:00  INFO 37908 --- [demo] [0.0-9075-exec-1] o.s.web.servlet.DispatcherServlet        : Initializing Servlet 'dispatcherServlet'
2025-11-04T22:06:11.810+09:00  INFO 37908 --- [demo] [0.0-9075-exec-1] o.s.web.servlet.DispatcherServlet        : Completed initialization in 0 ms
2025-11-04T22:06:11.893+09:00  WARN 37908 --- [demo] [0.0-9075-exec-1] .w.s.m.s.DefaultHandlerExceptionResolver : Resolved [org.springframework.http.converter.HttpMessageNotReadableException: JSON parse error: Invalid UTF-8 middle byte 0xd6]
2025-11-04T22:06:39.155+09:00 DEBUG 37908 --- [demo] [0.0-9075-exec-2] org.hibernate.SQL                        : 
    select
        u1_0.id 
    from
        users u1_0 
    where
        u1_0.email=? 
    limit
        ?
2025-11-04T22:06:39.157+09:00 TRACE 37908 --- [demo] [0.0-9075-exec-2] org.hibernate.orm.jdbc.bind              : binding parameter (1:VARCHAR) <- [test999@example.com]
2025-11-04T22:06:39.157+09:00 TRACE 37908 --- [demo] [0.0-9075-exec-2] org.hibernate.orm.jdbc.bind              : binding parameter (2:INTEGER) <- [1]
2025-11-04T22:06:39.259+09:00 DEBUG 37908 --- [demo] [0.0-9075-exec-2] org.hibernate.SQL                        : 
    insert 
    into
        users
        (address, birthdate, ca_categorical, created_at, deleted_at, email, gender, last_login_at, locked_until, nickname, password, petsitter_work, status, tin, updated_at, user_type, username, vet_specialty, working_days, working_end_hours, working_start_hours) 
    values
        (?, ?, ?, ?, ?, ?, ?, ?, ?, ?, ?, ?, ?, ?, ?, ?, ?, ?, ?, ?, ?)
2025-11-04T22:06:39.261+09:00 TRACE 37908 --- [demo] [0.0-9075-exec-2] org.hibernate.orm.jdbc.bind              : binding parameter (1:VARCHAR) <- [null]
2025-11-04T22:06:39.261+09:00 TRACE 37908 --- [demo] [0.0-9075-exec-2] org.hibernate.orm.jdbc.bind              : binding parameter (2:DATE) <- [1992-12-25]
2025-11-04T22:06:39.261+09:00 TRACE 37908 --- [demo] [0.0-9075-exec-2] org.hibernate.orm.jdbc.bind              : binding parameter (3:ENUM) <- [null]
2025-11-04T22:06:39.261+09:00 TRACE 37908 --- [demo] [0.0-9075-exec-2] org.hibernate.orm.jdbc.bind              : binding parameter (4:TIMESTAMP) <- [2025-11-04T22:06:39.243536700]
2025-11-04T22:06:39.262+09:00 TRACE 37908 --- [demo] [0.0-9075-exec-2] org.hibernate.orm.jdbc.bind              : binding parameter (5:TIMESTAMP) <- [null]
2025-11-04T22:06:39.262+09:00 TRACE 37908 --- [demo] [0.0-9075-exec-2] org.hibernate.orm.jdbc.bind              : binding parameter (6:VARCHAR) <- [test999@example.com]
2025-11-04T22:06:39.262+09:00 TRACE 37908 --- [demo] [0.0-9075-exec-2] org.hibernate.orm.jdbc.bind              : binding parameter (7:VARCHAR) <- [MALE]
2025-11-04T22:06:39.262+09:00 TRACE 37908 --- [demo] [0.0-9075-exec-2] org.hibernate.orm.jdbc.bind              : binding parameter (8:TIMESTAMP) <- [null]
2025-11-04T22:06:39.262+09:00 TRACE 37908 --- [demo] [0.0-9075-exec-2] org.hibernate.orm.jdbc.bind              : binding parameter (9:TIMESTAMP) <- [null]
2025-11-04T22:06:39.262+09:00 TRACE 37908 --- [demo] [0.0-9075-exec-2] org.hibernate.orm.jdbc.bind              : binding parameter (10:VARCHAR) <- [TestNick999]
2025-11-04T22:06:39.262+09:00 TRACE 37908 --- [demo] [0.0-9075-exec-2] org.hibernate.orm.jdbc.bind              : binding parameter (11:VARCHAR) <- [$2a$10$Cp5HpCn0.HqtHTfGqSJc4OX/9Unc2PkapebWrbBFZu2enYXLntdB6]
2025-11-04T22:06:39.262+09:00 TRACE 37908 --- [demo] [0.0-9075-exec-2] org.hibernate.orm.jdbc.bind              : binding parameter (12:ENUM) <- [null]
2025-11-04T22:06:39.262+09:00 TRACE 37908 --- [demo] [0.0-9075-exec-2] org.hibernate.orm.jdbc.bind              : binding parameter (13:ENUM) <- [ACTIVE]
2025-11-04T22:06:39.262+09:00 TRACE 37908 --- [demo] [0.0-9075-exec-2] org.hibernate.orm.jdbc.bind              : binding parameter (14:VARCHAR) <- [null]
2025-11-04T22:06:39.262+09:00 TRACE 37908 --- [demo] [0.0-9075-exec-2] org.hibernate.orm.jdbc.bind              : binding parameter (15:TIMESTAMP) <- [2025-11-04T22:06:39.243536700]
2025-11-04T22:06:39.262+09:00 TRACE 37908 --- [demo] [0.0-9075-exec-2] org.hibernate.orm.jdbc.bind              : binding parameter (16:ENUM) <- [GENERAL]
2025-11-04T22:06:39.262+09:00 TRACE 37908 --- [demo] [0.0-9075-exec-2] org.hibernate.orm.jdbc.bind              : binding parameter (17:VARCHAR) <- [testuser999]
2025-11-04T22:06:39.262+09:00 TRACE 37908 --- [demo] [0.0-9075-exec-2] org.hibernate.orm.jdbc.bind              : binding parameter (18:ENUM) <- [null]
2025-11-04T22:06:39.262+09:00 TRACE 37908 --- [demo] [0.0-9075-exec-2] org.hibernate.orm.jdbc.bind              : binding parameter (19:VARCHAR) <- [null]
2025-11-04T22:06:39.262+09:00 TRACE 37908 --- [demo] [0.0-9075-exec-2] org.hibernate.orm.jdbc.bind              : binding parameter (20:VARCHAR) <- [null]
2025-11-04T22:06:39.262+09:00 TRACE 37908 --- [demo] [0.0-9075-exec-2] org.hibernate.orm.jdbc.bind              : binding parameter (21:VARCHAR) <- [null]
2025-11-04T22:08:00.214+09:00 DEBUG 37908 --- [demo] [0.0-9075-exec-5] org.hibernate.SQL                        : 
    select
        u1_0.id 
    from
        users u1_0 
    where
        u1_0.email=? 
    limit
        ?
2025-11-04T22:08:00.214+09:00 TRACE 37908 --- [demo] [0.0-9075-exec-5] org.hibernate.orm.jdbc.bind              : binding parameter (1:VARCHAR) <- [app@test.com]
2025-11-04T22:08:00.214+09:00 TRACE 37908 --- [demo] [0.0-9075-exec-5] org.hibernate.orm.jdbc.bind              : binding parameter (2:INTEGER) <- [1]
2025-11-04T22:08:00.377+09:00 DEBUG 37908 --- [demo] [0.0-9075-exec-5] org.hibernate.SQL                        : 
    insert 
    into
        users
        (address, birthdate, ca_categorical, created_at, deleted_at, email, gender, last_login_at, locked_until, nickname, password, petsitter_work, status, tin, updated_at, user_type, username, vet_specialty, working_days, working_end_hours, working_start_hours) 
    values
        (?, ?, ?, ?, ?, ?, ?, ?, ?, ?, ?, ?, ?, ?, ?, ?, ?, ?, ?, ?, ?)
2025-11-04T22:08:00.378+09:00 TRACE 37908 --- [demo] [0.0-9075-exec-5] org.hibernate.orm.jdbc.bind              : binding parameter (1:VARCHAR) <- [null]
2025-11-04T22:08:00.380+09:00 TRACE 37908 --- [demo] [0.0-9075-exec-5] org.hibernate.orm.jdbc.bind              : binding parameter (2:DATE) <- [1995-03-15]
2025-11-04T22:08:00.380+09:00 TRACE 37908 --- [demo] [0.0-9075-exec-5] org.hibernate.orm.jdbc.bind              : binding parameter (3:ENUM) <- [null]
2025-11-04T22:08:00.380+09:00 TRACE 37908 --- [demo] [0.0-9075-exec-5] org.hibernate.orm.jdbc.bind              : binding parameter (4:TIMESTAMP) <- [2025-11-04T22:08:00.376767900]
2025-11-04T22:08:00.380+09:00 TRACE 37908 --- [demo] [0.0-9075-exec-5] org.hibernate.orm.jdbc.bind              : binding parameter (5:TIMESTAMP) <- [null]
2025-11-04T22:08:00.380+09:00 TRACE 37908 --- [demo] [0.0-9075-exec-5] org.hibernate.orm.jdbc.bind              : binding parameter (6:VARCHAR) <- [app@test.com]
2025-11-04T22:08:00.380+09:00 TRACE 37908 --- [demo] [0.0-9075-exec-5] org.hibernate.orm.jdbc.bind              : binding parameter (7:VARCHAR) <- [FEMALE]
2025-11-04T22:08:00.380+09:00 TRACE 37908 --- [demo] [0.0-9075-exec-5] org.hibernate.orm.jdbc.bind              : binding parameter (8:TIMESTAMP) <- [null]
2025-11-04T22:08:00.380+09:00 TRACE 37908 --- [demo] [0.0-9075-exec-5] org.hibernate.orm.jdbc.bind              : binding parameter (9:TIMESTAMP) <- [null]
2025-11-04T22:08:00.380+09:00 TRACE 37908 --- [demo] [0.0-9075-exec-5] org.hibernate.orm.jdbc.bind              : binding parameter (10:VARCHAR) <- [AppTest]
2025-11-04T22:08:00.380+09:00 TRACE 37908 --- [demo] [0.0-9075-exec-5] org.hibernate.orm.jdbc.bind              : binding parameter (11:VARCHAR) <- [$2a$10$NlyvuWng0BG2k/QAVDHHjelUkmeQF36HsMo7a/AUSokmYTfz78Fse]
2025-11-04T22:08:00.380+09:00 TRACE 37908 --- [demo] [0.0-9075-exec-5] org.hibernate.orm.jdbc.bind              : binding parameter (12:ENUM) <- [null]
2025-11-04T22:08:00.380+09:00 TRACE 37908 --- [demo] [0.0-9075-exec-5] org.hibernate.orm.jdbc.bind              : binding parameter (13:ENUM) <- [ACTIVE]
2025-11-04T22:08:00.380+09:00 TRACE 37908 --- [demo] [0.0-9075-exec-5] org.hibernate.orm.jdbc.bind              : binding parameter (14:VARCHAR) <- [null]
2025-11-04T22:08:00.381+09:00 TRACE 37908 --- [demo] [0.0-9075-exec-5] org.hibernate.orm.jdbc.bind              : binding parameter (15:TIMESTAMP) <- [2025-11-04T22:08:00.376767900]
2025-11-04T22:08:00.381+09:00 TRACE 37908 --- [demo] [0.0-9075-exec-5] org.hibernate.orm.jdbc.bind              : binding parameter (16:ENUM) <- [GENERAL]
2025-11-04T22:08:00.381+09:00 TRACE 37908 --- [demo] [0.0-9075-exec-5] org.hibernate.orm.jdbc.bind              : binding parameter (17:VARCHAR) <- [apptest001]
2025-11-04T22:08:00.381+09:00 TRACE 37908 --- [demo] [0.0-9075-exec-5] org.hibernate.orm.jdbc.bind              : binding parameter (18:ENUM) <- [null]
2025-11-04T22:08:00.381+09:00 TRACE 37908 --- [demo] [0.0-9075-exec-5] org.hibernate.orm.jdbc.bind              : binding parameter (19:VARCHAR) <- [null]
2025-11-04T22:08:00.381+09:00 TRACE 37908 --- [demo] [0.0-9075-exec-5] org.hibernate.orm.jdbc.bind              : binding parameter (20:VARCHAR) <- [null]
2025-11-04T22:08:00.381+09:00 TRACE 37908 --- [demo] [0.0-9075-exec-5] org.hibernate.orm.jdbc.bind              : binding parameter (21:VARCHAR) <- [null]
2025-11-04T22:08:14.163+09:00 DEBUG 37908 --- [demo] [0.0-9075-exec-6] org.hibernate.SQL                        : 
    select
        u1_0.id 
    from
        users u1_0 
    where
        u1_0.email=? 
    limit
        ?
2025-11-04T22:08:14.163+09:00 TRACE 37908 --- [demo] [0.0-9075-exec-6] org.hibernate.orm.jdbc.bind              : binding parameter (1:VARCHAR) <- [app2@test.com]
2025-11-04T22:08:14.163+09:00 TRACE 37908 --- [demo] [0.0-9075-exec-6] org.hibernate.orm.jdbc.bind              : binding parameter (2:INTEGER) <- [1]
2025-11-04T22:08:14.257+09:00 DEBUG 37908 --- [demo] [0.0-9075-exec-6] org.hibernate.SQL                        : 
    insert 
    into
        users
        (address, birthdate, ca_categorical, created_at, deleted_at, email, gender, last_login_at, locked_until, nickname, password, petsitter_work, status, tin, updated_at, user_type, username, vet_specialty, working_days, working_end_hours, working_start_hours) 
    values
        (?, ?, ?, ?, ?, ?, ?, ?, ?, ?, ?, ?, ?, ?, ?, ?, ?, ?, ?, ?, ?)
2025-11-04T22:08:14.258+09:00 TRACE 37908 --- [demo] [0.0-9075-exec-6] org.hibernate.orm.jdbc.bind              : binding parameter (1:VARCHAR) <- [null]
2025-11-04T22:08:14.259+09:00 TRACE 37908 --- [demo] [0.0-9075-exec-6] org.hibernate.orm.jdbc.bind              : binding parameter (2:DATE) <- [1995-03-15]
2025-11-04T22:08:14.259+09:00 TRACE 37908 --- [demo] [0.0-9075-exec-6] org.hibernate.orm.jdbc.bind              : binding parameter (3:ENUM) <- [null]
2025-11-04T22:08:14.259+09:00 TRACE 37908 --- [demo] [0.0-9075-exec-6] org.hibernate.orm.jdbc.bind              : binding parameter (4:TIMESTAMP) <- [2025-11-04T22:08:14.256733600]
2025-11-04T22:08:14.259+09:00 TRACE 37908 --- [demo] [0.0-9075-exec-6] org.hibernate.orm.jdbc.bind              : binding parameter (5:TIMESTAMP) <- [null]
2025-11-04T22:08:14.259+09:00 TRACE 37908 --- [demo] [0.0-9075-exec-6] org.hibernate.orm.jdbc.bind              : binding parameter (6:VARCHAR) <- [app2@test.com]
2025-11-04T22:08:14.259+09:00 TRACE 37908 --- [demo] [0.0-9075-exec-6] org.hibernate.orm.jdbc.bind              : binding parameter (7:VARCHAR) <- [FEMALE]
2025-11-04T22:08:14.259+09:00 TRACE 37908 --- [demo] [0.0-9075-exec-6] org.hibernate.orm.jdbc.bind              : binding parameter (8:TIMESTAMP) <- [null]
2025-11-04T22:08:14.259+09:00 TRACE 37908 --- [demo] [0.0-9075-exec-6] org.hibernate.orm.jdbc.bind              : binding parameter (9:TIMESTAMP) <- [null]
2025-11-04T22:08:14.259+09:00 TRACE 37908 --- [demo] [0.0-9075-exec-6] org.hibernate.orm.jdbc.bind              : binding parameter (10:VARCHAR) <- [AppTest2]
2025-11-04T22:08:14.259+09:00 TRACE 37908 --- [demo] [0.0-9075-exec-6] org.hibernate.orm.jdbc.bind              : binding parameter (11:VARCHAR) <- [$2a$10$ZB2VdlUYYAZDW5Z26QdnHO9oCF1jeiiQTRMEnogbqkq48c8Ra3aRW]
2025-11-04T22:08:14.259+09:00 TRACE 37908 --- [demo] [0.0-9075-exec-6] org.hibernate.orm.jdbc.bind              : binding parameter (12:ENUM) <- [null]
2025-11-04T22:08:14.259+09:00 TRACE 37908 --- [demo] [0.0-9075-exec-6] org.hibernate.orm.jdbc.bind              : binding parameter (13:ENUM) <- [ACTIVE]
2025-11-04T22:08:14.259+09:00 TRACE 37908 --- [demo] [0.0-9075-exec-6] org.hibernate.orm.jdbc.bind              : binding parameter (14:VARCHAR) <- [null]
2025-11-04T22:08:14.259+09:00 TRACE 37908 --- [demo] [0.0-9075-exec-6] org.hibernate.orm.jdbc.bind              : binding parameter (15:TIMESTAMP) <- [2025-11-04T22:08:14.256733600]
2025-11-04T22:08:14.259+09:00 TRACE 37908 --- [demo] [0.0-9075-exec-6] org.hibernate.orm.jdbc.bind              : binding parameter (16:ENUM) <- [GENERAL]
2025-11-04T22:08:14.259+09:00 TRACE 37908 --- [demo] [0.0-9075-exec-6] org.hibernate.orm.jdbc.bind              : binding parameter (17:VARCHAR) <- [apptest002]
2025-11-04T22:08:14.259+09:00 TRACE 37908 --- [demo] [0.0-9075-exec-6] org.hibernate.orm.jdbc.bind              : binding parameter (18:ENUM) <- [null]
2025-11-04T22:08:14.259+09:00 TRACE 37908 --- [demo] [0.0-9075-exec-6] org.hibernate.orm.jdbc.bind              : binding parameter (19:VARCHAR) <- [null]
2025-11-04T22:08:14.259+09:00 TRACE 37908 --- [demo] [0.0-9075-exec-6] org.hibernate.orm.jdbc.bind              : binding parameter (20:VARCHAR) <- [null]
2025-11-04T22:08:14.259+09:00 TRACE 37908 --- [demo] [0.0-9075-exec-6] org.hibernate.orm.jdbc.bind              : binding parameter (21:VARCHAR) <- [null]

> Task :bootRun FAILED

FAILURE: Build failed with an exception.

* What went wrong:
Execution failed for task ':bootRun'.
> Process 'command 'C:\Program Files\Java\jdk-21\bin\java.exe'' finished with non-zero exit value 1

* Try:
> Run with --stacktrace option to get the stack trace.
> Run with --info or --debug option to get more log output.
> Run with --scan to get full insights.
> Get more help at https://help.gradle.org.

BUILD FAILED in 5m 11s
4 actionable tasks: 3 executed, 1 up-to-date
